{"name": "Verify login funcationality with valid credentails", "status": "broken", "statusDetails": {"message": "selenium.common.exceptions.NoSuchElementException: Message: no such element: Unable to locate element: {\"method\":\"xpath\",\"selector\":\"//input[@name = 'username']\"}\n  (Session info: chrome=119.0.6045.200); For documentation on this error, please visit: https://www.selenium.dev/documentation/webdriver/troubleshooting/errors#no-such-element-exception\nStacktrace:\n\tGetHandleVerifier [0x00007FF7623382B2+55298]\n\t(No symbol) [0x00007FF7622A5E02]\n\t(No symbol) [0x00007FF7621605AB]\n\t(No symbol) [0x00007FF7621A175C]\n\t(No symbol) [0x00007FF7621A18DC]\n\t(No symbol) [0x00007FF7621DCBC7]\n\t(No symbol) [0x00007FF7621C20EF]\n\t(No symbol) [0x00007FF7621DAAA4]\n\t(No symbol) [0x00007FF7621C1E83]\n\t(No symbol) [0x00007FF76219670A]\n\t(No symbol) [0x00007FF762197964]\n\tGetHandleVerifier [0x00007FF7626B0AAB+3694587]\n\tGetHandleVerifier [0x00007FF76270728E+4048862]\n\tGetHandleVerifier [0x00007FF7626FF173+4015811]\n\tGetHandleVerifier [0x00007FF7623D47D6+695590]\n\t(No symbol) [0x00007FF7622B0CE8]\n\t(No symbol) [0x00007FF7622ACF34]\n\t(No symbol) [0x00007FF7622AD062]\n\t(No symbol) [0x00007FF76229D3A3]\n\tBaseThreadInitThunk [0x00007FFE3F92257D+29]\n\tRtlUserThreadStart [0x00007FFE406EAA58+40]\n\n", "trace": "  File \"C:\\Users\\Harsha Patil\\PycharmProjects\\seleniumpythonbjshub\\venv\\Lib\\site-packages\\behave\\model.py\", line 1329, in run\n    match.run(runner.context)\n  File \"C:\\Users\\Harsha Patil\\PycharmProjects\\seleniumpythonbjshub\\venv\\Lib\\site-packages\\behave\\matchers.py\", line 98, in run\n    self.func(context, *args, **kwargs)\n  File \"features\\steps\\loginSD.py\", line 30, in enterusernamepasswd\n    context.driver.find_element(By.XPATH, \"//input[@name = 'username']\").send_keys(user)\n    ^^^^^^^^^^^^^^^^^^^^^^^^^^^^^^^^^^^^^^^^^^^^^^^^^^^^^^^^^^^^^^^^^^^^\n  File \"C:\\Users\\Harsha Patil\\PycharmProjects\\seleniumpythonbjshub\\venv\\Lib\\site-packages\\selenium\\webdriver\\remote\\webdriver.py\", line 742, in find_element\n    return self.execute(Command.FIND_ELEMENT, {\"using\": by, \"value\": value})[\"value\"]\n           ^^^^^^^^^^^^^^^^^^^^^^^^^^^^^^^^^^^^^^^^^^^^^^^^^^^^^^^^^^^^^^^^^\n  File \"C:\\Users\\Harsha Patil\\PycharmProjects\\seleniumpythonbjshub\\venv\\Lib\\site-packages\\selenium\\webdriver\\remote\\webdriver.py\", line 348, in execute\n    self.error_handler.check_response(response)\n  File \"C:\\Users\\Harsha Patil\\PycharmProjects\\seleniumpythonbjshub\\venv\\Lib\\site-packages\\selenium\\webdriver\\remote\\errorhandler.py\", line 229, in check_response\n    raise exception_class(message, screen, stacktrace)\n"}, "steps": [{"name": "Given launch chrome browser", "status": "passed", "start": 1702195688516, "stop": 1702195690607}, {"name": "When open the orange hrm page", "status": "passed", "start": 1702195690607, "stop": 1702195695292}, {"name": "And Enter username \"Admin\" and password \"admin123\"", "status": "broken", "statusDetails": {"message": "selenium.common.exceptions.NoSuchElementException: Message: no such element: Unable to locate element: {\"method\":\"xpath\",\"selector\":\"//input[@name = 'username']\"}\n  (Session info: chrome=119.0.6045.200); For documentation on this error, please visit: https://www.selenium.dev/documentation/webdriver/troubleshooting/errors#no-such-element-exception\nStacktrace:\n\tGetHandleVerifier [0x00007FF7623382B2+55298]\n\t(No symbol) [0x00007FF7622A5E02]\n\t(No symbol) [0x00007FF7621605AB]\n\t(No symbol) [0x00007FF7621A175C]\n\t(No symbol) [0x00007FF7621A18DC]\n\t(No symbol) [0x00007FF7621DCBC7]\n\t(No symbol) [0x00007FF7621C20EF]\n\t(No symbol) [0x00007FF7621DAAA4]\n\t(No symbol) [0x00007FF7621C1E83]\n\t(No symbol) [0x00007FF76219670A]\n\t(No symbol) [0x00007FF762197964]\n\tGetHandleVerifier [0x00007FF7626B0AAB+3694587]\n\tGetHandleVerifier [0x00007FF76270728E+4048862]\n\tGetHandleVerifier [0x00007FF7626FF173+4015811]\n\tGetHandleVerifier [0x00007FF7623D47D6+695590]\n\t(No symbol) [0x00007FF7622B0CE8]\n\t(No symbol) [0x00007FF7622ACF34]\n\t(No symbol) [0x00007FF7622AD062]\n\t(No symbol) [0x00007FF76229D3A3]\n\tBaseThreadInitThunk [0x00007FFE3F92257D+29]\n\tRtlUserThreadStart [0x00007FFE406EAA58+40]\n\n", "trace": "  File \"C:\\Users\\Harsha Patil\\PycharmProjects\\seleniumpythonbjshub\\venv\\Lib\\site-packages\\behave\\model.py\", line 1329, in run\n    match.run(runner.context)\n  File \"C:\\Users\\Harsha Patil\\PycharmProjects\\seleniumpythonbjshub\\venv\\Lib\\site-packages\\behave\\matchers.py\", line 98, in run\n    self.func(context, *args, **kwargs)\n  File \"features\\steps\\loginSD.py\", line 30, in enterusernamepasswd\n    context.driver.find_element(By.XPATH, \"//input[@name = 'username']\").send_keys(user)\n    ^^^^^^^^^^^^^^^^^^^^^^^^^^^^^^^^^^^^^^^^^^^^^^^^^^^^^^^^^^^^^^^^^^^^\n  File \"C:\\Users\\Harsha Patil\\PycharmProjects\\seleniumpythonbjshub\\venv\\Lib\\site-packages\\selenium\\webdriver\\remote\\webdriver.py\", line 742, in find_element\n    return self.execute(Command.FIND_ELEMENT, {\"using\": by, \"value\": value})[\"value\"]\n           ^^^^^^^^^^^^^^^^^^^^^^^^^^^^^^^^^^^^^^^^^^^^^^^^^^^^^^^^^^^^^^^^^\n  File \"C:\\Users\\Harsha Patil\\PycharmProjects\\seleniumpythonbjshub\\venv\\Lib\\site-packages\\selenium\\webdriver\\remote\\webdriver.py\", line 348, in execute\n    self.error_handler.check_response(response)\n  File \"C:\\Users\\Harsha Patil\\PycharmProjects\\seleniumpythonbjshub\\venv\\Lib\\site-packages\\selenium\\webdriver\\remote\\errorhandler.py\", line 229, in check_response\n    raise exception_class(message, screen, stacktrace)\n"}, "start": 1702195695292, "stop": 1702195695513}, {"name": "And click on login button", "status": "skipped", "start": 1702195695513, "stop": 1702195695513}, {"name": "Then User must successfully login to Dashboard", "status": "skipped", "start": 1702195695513, "stop": 1702195695513}], "start": 1702195688514, "stop": 1702195695513, "uuid": "65085441-44fc-430a-88a1-d24bbc95d108", "historyId": "df33f9397299a9032ec9dda55dbeee0b", "fullName": "OrangeHRM logo: Verify login funcationality with valid credentails", "labels": [{"name": "severity", "value": "normal"}, {"name": "feature", "value": "OrangeHRM logo"}, {"name": "framework", "value": "behave"}, {"name": "language", "value": "cpython3"}]}